<?xml version="1.0" encoding="UTF-8"?>
<!-- Generated by org.testng.reporters.JUnitXMLReporter -->
<testsuite ignored="0" hostname="DESKTOP-1A5I486" failures="1" tests="3" name="Test" time="30.146" errors="0" timestamp="27 Nov 2023 14:30:15 GMT">
  <testcase classname="com.selenium.testcases.Search" name="searchWithValidProduct" time="1.487"/>
  <testcase classname="com.selenium.testcases.Search" name="searchWithInvalidProduct" time="1.448">
    <failure type="java.lang.AssertionError" message="Prduct is found expected [true] but found [false]">
      <![CDATA[java.lang.AssertionError: Prduct is found expected [true] but found [false]
	at com.selenium.pages.SearchPage.verifySearchFailedWarning(SearchPage.java:35)
	at com.selenium.testcases.Search.searchWithInvalidProduct(Search.java:35)
... Removed 28 stack frames]]>
    </failure>
  </testcase> <!-- searchWithInvalidProduct -->
  <testcase classname="com.selenium.testcases.Search" name="searchWithoutProduct" time="0.0">
    <skipped/>
  </testcase> <!-- searchWithoutProduct -->
</testsuite> <!-- Test -->
